2025-07-13 19:31:36,779 - INFO - Running Abaqus job: abaqus job=ISIGHT_STATIC_LINEAR input=ISIGHT_STATIC_LINEAR_MOD.inp interactive
2025-07-13 19:32:41,415 - INFO - Extracted TSAIW: 0.8504, Mass: 0.0444
2025-07-13 19:32:41,447 - INFO - New best fitness: 0.8548
2025-07-13 19:32:42,023 - INFO - Running Abaqus job: abaqus job=ISIGHT_STATIC_LINEAR input=ISIGHT_STATIC_LINEAR_MOD.inp interactive
2025-07-13 19:33:50,851 - INFO - Extracted TSAIW: 0.8514, Mass: 0.0442
2025-07-13 19:33:51,204 - INFO - Running Abaqus job: abaqus job=ISIGHT_STATIC_LINEAR input=ISIGHT_STATIC_LINEAR_MOD.inp interactive
2025-07-13 19:34:55,395 - INFO - Extracted TSAIW: 0.8707, Mass: 0.0443
2025-07-13 19:34:56,005 - INFO - Running Abaqus job: abaqus job=ISIGHT_STATIC_LINEAR input=ISIGHT_STATIC_LINEAR_MOD.inp interactive
2025-07-13 19:35:58,717 - INFO - Extracted TSAIW: 0.8278, Mass: 0.0421
2025-07-13 19:35:58,744 - INFO - New best fitness: 0.8320
2025-07-13 19:35:59,198 - INFO - Running Abaqus job: abaqus job=ISIGHT_STATIC_LINEAR input=ISIGHT_STATIC_LINEAR_MOD.inp interactive
2025-07-13 19:37:00,115 - INFO - Extracted TSAIW: 0.8416, Mass: 0.0458
2025-07-13 19:37:00,857 - INFO - Running Abaqus job: abaqus job=ISIGHT_STATIC_LINEAR input=ISIGHT_STATIC_LINEAR_MOD.inp interactive
2025-07-13 19:38:02,062 - INFO - Extracted TSAIW: 0.8688, Mass: 0.0439
2025-07-13 19:40:28,292 - INFO - Loaded previous optimization history
2025-07-13 19:40:30,471 - INFO - Running Abaqus job: abaqus job=ISIGHT_STATIC_LINEAR input=ISIGHT_STATIC_LINEAR_MOD.inp interactive
2025-07-13 19:41:37,470 - INFO - Extracted TSAIW: 0.7992, Mass: 0.0464
2025-07-13 19:41:37,509 - INFO - New best fitness: 0.8038
2025-07-13 19:41:40,168 - INFO - Running Abaqus job: abaqus job=ISIGHT_STATIC_LINEAR input=ISIGHT_STATIC_LINEAR_MOD.inp interactive
2025-07-13 19:42:46,778 - INFO - Extracted TSAIW: 0.8869, Mass: 0.0402
2025-07-13 19:42:48,404 - INFO - Running Abaqus job: abaqus job=ISIGHT_STATIC_LINEAR input=ISIGHT_STATIC_LINEAR_MOD.inp interactive
2025-07-13 19:43:52,700 - INFO - Extracted TSAIW: 0.8333, Mass: 0.0419
2025-07-13 19:43:54,278 - INFO - Running Abaqus job: abaqus job=ISIGHT_STATIC_LINEAR input=ISIGHT_STATIC_LINEAR_MOD.inp interactive
2025-07-13 19:44:56,338 - INFO - Extracted TSAIW: 0.8600, Mass: 0.0408
2025-07-13 19:44:57,589 - INFO - Running Abaqus job: abaqus job=ISIGHT_STATIC_LINEAR input=ISIGHT_STATIC_LINEAR_MOD.inp interactive
2025-07-13 19:46:09,436 - INFO - Extracted TSAIW: 0.8214, Mass: 0.0449
2025-07-13 19:46:11,302 - INFO - Running Abaqus job: abaqus job=ISIGHT_STATIC_LINEAR input=ISIGHT_STATIC_LINEAR_MOD.inp interactive
2025-07-13 19:47:13,275 - INFO - Extracted TSAIW: 0.7882, Mass: 0.0483
2025-07-13 19:47:13,332 - INFO - New best fitness: 0.7930
2025-07-13 21:28:09,157 - INFO - Loaded previous optimization history
2025-07-13 21:28:45,693 - INFO - Loaded previous optimization history
2025-07-13 21:28:47,868 - INFO - Running Abaqus job: abaqus job=ISIGHT_STATIC_LINEAR input=ISIGHT_STATIC_LINEAR_MOD.inp interactive
2025-07-13 21:30:54,121 - INFO - Extracted TSAIW: 0.9034, Mass: 0.0430
2025-07-13 21:30:54,391 - INFO - Running Abaqus job: abaqus job=ISIGHT_STATIC_LINEAR input=ISIGHT_STATIC_LINEAR_MOD.inp interactive
2025-07-13 21:31:58,253 - INFO - Extracted TSAIW: 0.9042, Mass: 0.0429
2025-07-13 21:31:58,572 - INFO - Running Abaqus job: abaqus job=ISIGHT_STATIC_LINEAR input=ISIGHT_STATIC_LINEAR_MOD.inp interactive
2025-07-13 21:32:57,812 - INFO - Extracted TSAIW: 0.8779, Mass: 0.0432
2025-07-13 21:32:57,921 - INFO - Running Abaqus job: abaqus job=ISIGHT_STATIC_LINEAR input=ISIGHT_STATIC_LINEAR_MOD.inp interactive
2025-07-13 21:34:02,334 - INFO - Extracted TSAIW: 0.8781, Mass: 0.0425
2025-07-13 21:34:02,460 - INFO - Running Abaqus job: abaqus job=ISIGHT_STATIC_LINEAR input=ISIGHT_STATIC_LINEAR_MOD.inp interactive
2025-07-13 21:35:11,023 - INFO - Extracted TSAIW: 0.8848, Mass: 0.0432
2025-07-13 21:35:11,144 - INFO - Running Abaqus job: abaqus job=ISIGHT_STATIC_LINEAR input=ISIGHT_STATIC_LINEAR_MOD.inp interactive
2025-07-13 21:36:16,785 - INFO - Extracted TSAIW: 0.8854, Mass: 0.0434
2025-07-13 21:36:17,085 - INFO - Running Abaqus job: abaqus job=ISIGHT_STATIC_LINEAR input=ISIGHT_STATIC_LINEAR_MOD.inp interactive
2025-07-13 21:37:22,059 - INFO - Extracted TSAIW: 0.9000, Mass: 0.0423
2025-07-13 21:37:22,180 - INFO - Running Abaqus job: abaqus job=ISIGHT_STATIC_LINEAR input=ISIGHT_STATIC_LINEAR_MOD.inp interactive
2025-07-13 21:38:28,457 - INFO - Extracted TSAIW: 0.8783, Mass: 0.0418
2025-07-13 21:38:28,575 - INFO - Running Abaqus job: abaqus job=ISIGHT_STATIC_LINEAR input=ISIGHT_STATIC_LINEAR_MOD.inp interactive
2025-07-13 21:39:33,661 - INFO - Extracted TSAIW: 0.9005, Mass: 0.0407
2025-07-13 21:39:33,805 - INFO - Running Abaqus job: abaqus job=ISIGHT_STATIC_LINEAR input=ISIGHT_STATIC_LINEAR_MOD.inp interactive
2025-07-13 21:40:42,801 - INFO - Extracted TSAIW: 0.8521, Mass: 0.0435
2025-07-13 21:40:42,927 - INFO - Running Abaqus job: abaqus job=ISIGHT_STATIC_LINEAR input=ISIGHT_STATIC_LINEAR_MOD.inp interactive
2025-07-13 21:41:49,651 - INFO - Extracted TSAIW: 0.8785, Mass: 0.0391
2025-07-13 21:41:49,759 - INFO - Running Abaqus job: abaqus job=ISIGHT_STATIC_LINEAR input=ISIGHT_STATIC_LINEAR_MOD.inp interactive
2025-07-13 21:42:57,677 - INFO - Extracted TSAIW: 0.8818, Mass: 0.0413
2025-07-13 21:42:57,796 - INFO - Running Abaqus job: abaqus job=ISIGHT_STATIC_LINEAR input=ISIGHT_STATIC_LINEAR_MOD.inp interactive
2025-07-13 21:44:05,207 - INFO - Extracted TSAIW: 0.8333, Mass: 0.0415
2025-07-13 21:44:05,338 - INFO - Running Abaqus job: abaqus job=ISIGHT_STATIC_LINEAR input=ISIGHT_STATIC_LINEAR_MOD.inp interactive
2025-07-13 21:45:13,782 - INFO - Extracted TSAIW: 0.9104, Mass: 0.0422
2025-07-13 21:45:14,095 - INFO - Running Abaqus job: abaqus job=ISIGHT_STATIC_LINEAR input=ISIGHT_STATIC_LINEAR_MOD.inp interactive
2025-07-13 21:46:19,088 - INFO - Extracted TSAIW: 0.8610, Mass: 0.0430
2025-07-13 21:46:19,198 - INFO - Running Abaqus job: abaqus job=ISIGHT_STATIC_LINEAR input=ISIGHT_STATIC_LINEAR_MOD.inp interactive
2025-07-13 21:47:27,369 - INFO - Extracted TSAIW: 0.8783, Mass: 0.0415
2025-07-13 21:47:27,637 - INFO - Running Abaqus job: abaqus job=ISIGHT_STATIC_LINEAR input=ISIGHT_STATIC_LINEAR_MOD.inp interactive
2025-07-13 21:48:35,164 - INFO - Extracted TSAIW: 0.8549, Mass: 0.0459
2025-07-13 21:48:35,296 - INFO - Running Abaqus job: abaqus job=ISIGHT_STATIC_LINEAR input=ISIGHT_STATIC_LINEAR_MOD.inp interactive
2025-07-13 21:49:40,112 - INFO - Extracted TSAIW: 0.8789, Mass: 0.0397
2025-07-13 21:49:40,259 - INFO - Running Abaqus job: abaqus job=ISIGHT_STATIC_LINEAR input=ISIGHT_STATIC_LINEAR_MOD.inp interactive
2025-07-13 21:50:48,944 - INFO - Extracted TSAIW: 0.8758, Mass: 0.0405
2025-07-13 21:50:49,056 - INFO - Running Abaqus job: abaqus job=ISIGHT_STATIC_LINEAR input=ISIGHT_STATIC_LINEAR_MOD.inp interactive
2025-07-13 21:51:44,312 - INFO - Extracted TSAIW: 0.8583, Mass: 0.0414
2025-07-13 21:51:44,512 - INFO - Running Abaqus job: abaqus job=ISIGHT_STATIC_LINEAR input=ISIGHT_STATIC_LINEAR_MOD.inp interactive
2025-07-13 21:52:36,805 - INFO - Extracted TSAIW: 0.8782, Mass: 0.0439
2025-07-13 21:52:36,895 - INFO - Running Abaqus job: abaqus job=ISIGHT_STATIC_LINEAR input=ISIGHT_STATIC_LINEAR_MOD.inp interactive
2025-07-13 21:53:29,015 - INFO - Extracted TSAIW: 0.9045, Mass: 0.0427
2025-07-13 21:53:29,111 - INFO - Running Abaqus job: abaqus job=ISIGHT_STATIC_LINEAR input=ISIGHT_STATIC_LINEAR_MOD.inp interactive
2025-07-13 21:54:21,450 - INFO - Extracted TSAIW: 0.8336, Mass: 0.0439
2025-07-13 21:54:21,546 - INFO - Running Abaqus job: abaqus job=ISIGHT_STATIC_LINEAR input=ISIGHT_STATIC_LINEAR_MOD.inp interactive
2025-07-13 21:55:13,953 - INFO - Extracted TSAIW: 0.9214, Mass: 0.0400
2025-07-13 21:55:14,069 - INFO - Running Abaqus job: abaqus job=ISIGHT_STATIC_LINEAR input=ISIGHT_STATIC_LINEAR_MOD.inp interactive
2025-07-13 21:56:06,471 - INFO - Extracted TSAIW: 0.8333, Mass: 0.0398
2025-07-13 21:56:06,571 - INFO - Running Abaqus job: abaqus job=ISIGHT_STATIC_LINEAR input=ISIGHT_STATIC_LINEAR_MOD.inp interactive
2025-07-13 21:56:58,900 - INFO - Extracted TSAIW: 0.9011, Mass: 0.0399
2025-07-13 21:56:59,006 - INFO - Running Abaqus job: abaqus job=ISIGHT_STATIC_LINEAR input=ISIGHT_STATIC_LINEAR_MOD.inp interactive
2025-07-13 21:57:51,500 - INFO - Extracted TSAIW: 0.8504, Mass: 0.0439
2025-07-13 21:57:51,596 - INFO - Running Abaqus job: abaqus job=ISIGHT_STATIC_LINEAR input=ISIGHT_STATIC_LINEAR_MOD.inp interactive
2025-07-13 21:58:43,950 - INFO - Extracted TSAIW: 0.8530, Mass: 0.0422
2025-07-13 21:58:44,042 - INFO - Running Abaqus job: abaqus job=ISIGHT_STATIC_LINEAR input=ISIGHT_STATIC_LINEAR_MOD.inp interactive
2025-07-13 21:59:36,428 - INFO - Extracted TSAIW: 0.8785, Mass: 0.0436
2025-07-13 21:59:36,535 - INFO - Running Abaqus job: abaqus job=ISIGHT_STATIC_LINEAR input=ISIGHT_STATIC_LINEAR_MOD.inp interactive
2025-07-13 22:00:28,825 - INFO - Extracted TSAIW: 0.8557, Mass: 0.0405
2025-07-13 22:00:28,921 - INFO - Running Abaqus job: abaqus job=ISIGHT_STATIC_LINEAR input=ISIGHT_STATIC_LINEAR_MOD.inp interactive
2025-07-13 22:01:19,750 - INFO - Extracted TSAIW: 0.8098, Mass: 0.0446
2025-07-13 22:01:19,845 - INFO - Running Abaqus job: abaqus job=ISIGHT_STATIC_LINEAR input=ISIGHT_STATIC_LINEAR_MOD.inp interactive
2025-07-13 22:02:12,667 - INFO - Extracted TSAIW: 0.8968, Mass: 0.0431
2025-07-13 22:02:12,766 - INFO - Running Abaqus job: abaqus job=ISIGHT_STATIC_LINEAR input=ISIGHT_STATIC_LINEAR_MOD.inp interactive
2025-07-13 22:03:03,615 - INFO - Extracted TSAIW: 0.8977, Mass: 0.0406
2025-07-13 22:03:03,711 - INFO - Running Abaqus job: abaqus job=ISIGHT_STATIC_LINEAR input=ISIGHT_STATIC_LINEAR_MOD.inp interactive
2025-07-13 22:03:56,019 - INFO - Extracted TSAIW: 0.8537, Mass: 0.0432
2025-07-13 22:03:56,121 - INFO - Running Abaqus job: abaqus job=ISIGHT_STATIC_LINEAR input=ISIGHT_STATIC_LINEAR_MOD.inp interactive
2025-07-13 22:04:46,663 - INFO - Extracted TSAIW: 0.8450, Mass: 0.0409
2025-07-13 22:04:46,766 - INFO - Running Abaqus job: abaqus job=ISIGHT_STATIC_LINEAR input=ISIGHT_STATIC_LINEAR_MOD.inp interactive
2025-07-13 22:05:37,371 - INFO - Extracted TSAIW: 0.8586, Mass: 0.0421
2025-07-13 22:05:37,463 - INFO - Running Abaqus job: abaqus job=ISIGHT_STATIC_LINEAR input=ISIGHT_STATIC_LINEAR_MOD.inp interactive
2025-07-13 22:06:29,973 - INFO - Extracted TSAIW: 0.8568, Mass: 0.0418
2025-07-13 22:06:30,078 - INFO - Running Abaqus job: abaqus job=ISIGHT_STATIC_LINEAR input=ISIGHT_STATIC_LINEAR_MOD.inp interactive
2025-07-13 22:07:24,220 - INFO - Extracted TSAIW: 0.8384, Mass: 0.0432
2025-07-13 22:07:24,312 - INFO - Running Abaqus job: abaqus job=ISIGHT_STATIC_LINEAR input=ISIGHT_STATIC_LINEAR_MOD.inp interactive
2025-07-13 22:08:15,063 - INFO - Extracted TSAIW: 0.8839, Mass: 0.0403
2025-07-13 22:08:15,155 - INFO - Running Abaqus job: abaqus job=ISIGHT_STATIC_LINEAR input=ISIGHT_STATIC_LINEAR_MOD.inp interactive
2025-07-13 22:09:05,553 - INFO - Extracted TSAIW: 0.8616, Mass: 0.0395
2025-07-13 22:09:05,657 - INFO - Running Abaqus job: abaqus job=ISIGHT_STATIC_LINEAR input=ISIGHT_STATIC_LINEAR_MOD.inp interactive
2025-07-13 22:09:56,072 - INFO - Extracted TSAIW: 0.8753, Mass: 0.0421
2025-07-13 22:09:56,165 - INFO - Running Abaqus job: abaqus job=ISIGHT_STATIC_LINEAR input=ISIGHT_STATIC_LINEAR_MOD.inp interactive
2025-07-13 22:10:46,236 - INFO - Extracted TSAIW: 0.9220, Mass: 0.0414
2025-07-13 22:10:46,331 - INFO - Running Abaqus job: abaqus job=ISIGHT_STATIC_LINEAR input=ISIGHT_STATIC_LINEAR_MOD.inp interactive
2025-07-13 22:11:36,502 - INFO - Extracted TSAIW: 0.8871, Mass: 0.0407
2025-07-13 22:11:36,599 - INFO - Running Abaqus job: abaqus job=ISIGHT_STATIC_LINEAR input=ISIGHT_STATIC_LINEAR_MOD.inp interactive
2025-07-13 22:12:27,055 - INFO - Extracted TSAIW: 0.8345, Mass: 0.0456
2025-07-13 22:12:27,148 - INFO - Running Abaqus job: abaqus job=ISIGHT_STATIC_LINEAR input=ISIGHT_STATIC_LINEAR_MOD.inp interactive
2025-07-13 22:13:20,137 - INFO - Extracted TSAIW: 0.8586, Mass: 0.0424
2025-07-13 22:13:20,236 - INFO - Running Abaqus job: abaqus job=ISIGHT_STATIC_LINEAR input=ISIGHT_STATIC_LINEAR_MOD.inp interactive
2025-07-13 22:14:10,299 - INFO - Extracted TSAIW: 0.8358, Mass: 0.0428
2025-07-13 22:14:10,394 - INFO - Running Abaqus job: abaqus job=ISIGHT_STATIC_LINEAR input=ISIGHT_STATIC_LINEAR_MOD.inp interactive
2025-07-13 22:15:00,765 - INFO - Extracted TSAIW: 0.8560, Mass: 0.0429
2025-07-13 22:15:00,861 - INFO - Running Abaqus job: abaqus job=ISIGHT_STATIC_LINEAR input=ISIGHT_STATIC_LINEAR_MOD.inp interactive
2025-07-13 22:15:50,901 - INFO - Extracted TSAIW: 0.8789, Mass: 0.0441
2025-07-13 22:15:50,996 - INFO - Running Abaqus job: abaqus job=ISIGHT_STATIC_LINEAR input=ISIGHT_STATIC_LINEAR_MOD.inp interactive
2025-07-13 22:16:41,322 - INFO - Extracted TSAIW: 0.8044, Mass: 0.0444
2025-07-13 22:16:41,414 - INFO - Running Abaqus job: abaqus job=ISIGHT_STATIC_LINEAR input=ISIGHT_STATIC_LINEAR_MOD.inp interactive
2025-07-13 22:17:31,752 - INFO - Extracted TSAIW: 0.8545, Mass: 0.0434
2025-07-13 22:17:31,852 - INFO - Running Abaqus job: abaqus job=ISIGHT_STATIC_LINEAR input=ISIGHT_STATIC_LINEAR_MOD.inp interactive
2025-07-13 22:18:22,368 - INFO - Extracted TSAIW: 0.8382, Mass: 0.0437
2025-07-13 22:18:22,466 - INFO - Running Abaqus job: abaqus job=ISIGHT_STATIC_LINEAR input=ISIGHT_STATIC_LINEAR_MOD.inp interactive
2025-07-13 22:19:12,822 - INFO - Extracted TSAIW: 0.8173, Mass: 0.0420
2025-07-13 22:19:12,917 - INFO - Running Abaqus job: abaqus job=ISIGHT_STATIC_LINEAR input=ISIGHT_STATIC_LINEAR_MOD.inp interactive
2025-07-13 22:20:03,009 - INFO - Extracted TSAIW: 0.8535, Mass: 0.0429
2025-07-13 22:20:03,104 - INFO - Running Abaqus job: abaqus job=ISIGHT_STATIC_LINEAR input=ISIGHT_STATIC_LINEAR_MOD.inp interactive
2025-07-13 22:20:53,349 - INFO - Extracted TSAIW: 0.8586, Mass: 0.0424
2025-07-13 22:20:53,450 - INFO - Running Abaqus job: abaqus job=ISIGHT_STATIC_LINEAR input=ISIGHT_STATIC_LINEAR_MOD.inp interactive
2025-07-13 22:21:43,859 - INFO - Extracted TSAIW: 0.8388, Mass: 0.0400
2025-07-13 22:21:43,960 - INFO - Running Abaqus job: abaqus job=ISIGHT_STATIC_LINEAR input=ISIGHT_STATIC_LINEAR_MOD.inp interactive
2025-07-13 22:22:34,562 - INFO - Extracted TSAIW: 0.8384, Mass: 0.0418
2025-07-13 22:22:34,655 - INFO - Running Abaqus job: abaqus job=ISIGHT_STATIC_LINEAR input=ISIGHT_STATIC_LINEAR_MOD.inp interactive
2025-07-13 22:23:25,161 - INFO - Extracted TSAIW: 0.8572, Mass: 0.0390
2025-07-13 22:23:25,255 - INFO - Running Abaqus job: abaqus job=ISIGHT_STATIC_LINEAR input=ISIGHT_STATIC_LINEAR_MOD.inp interactive
2025-07-13 22:24:15,480 - INFO - Extracted TSAIW: 0.8066, Mass: 0.0443
2025-07-13 22:24:15,575 - INFO - Running Abaqus job: abaqus job=ISIGHT_STATIC_LINEAR input=ISIGHT_STATIC_LINEAR_MOD.inp interactive
2025-07-13 22:25:05,713 - INFO - Extracted TSAIW: 0.8528, Mass: 0.0449
2025-07-13 22:25:05,816 - INFO - Running Abaqus job: abaqus job=ISIGHT_STATIC_LINEAR input=ISIGHT_STATIC_LINEAR_MOD.inp interactive
2025-07-13 22:25:56,295 - INFO - Extracted TSAIW: 0.8298, Mass: 0.0416
2025-07-13 22:25:56,388 - INFO - Running Abaqus job: abaqus job=ISIGHT_STATIC_LINEAR input=ISIGHT_STATIC_LINEAR_MOD.inp interactive
2025-07-13 22:26:46,565 - INFO - Extracted TSAIW: 0.8275, Mass: 0.0442
2025-07-13 22:26:46,667 - INFO - Running Abaqus job: abaqus job=ISIGHT_STATIC_LINEAR input=ISIGHT_STATIC_LINEAR_MOD.inp interactive
2025-07-13 22:27:37,000 - INFO - Extracted TSAIW: 0.8459, Mass: 0.0451
2025-07-13 22:27:37,095 - INFO - Running Abaqus job: abaqus job=ISIGHT_STATIC_LINEAR input=ISIGHT_STATIC_LINEAR_MOD.inp interactive
2025-07-13 22:28:27,562 - INFO - Extracted TSAIW: 0.7918, Mass: 0.0433
2025-07-13 22:28:27,663 - INFO - Running Abaqus job: abaqus job=ISIGHT_STATIC_LINEAR input=ISIGHT_STATIC_LINEAR_MOD.inp interactive
2025-07-13 22:29:18,052 - INFO - Extracted TSAIW: 0.8231, Mass: 0.0411
2025-07-13 22:29:18,148 - INFO - Running Abaqus job: abaqus job=ISIGHT_STATIC_LINEAR input=ISIGHT_STATIC_LINEAR_MOD.inp interactive
2025-07-13 22:30:06,716 - INFO - Extracted TSAIW: 0.8363, Mass: 0.0441
2025-07-13 22:30:06,809 - INFO - Running Abaqus job: abaqus job=ISIGHT_STATIC_LINEAR input=ISIGHT_STATIC_LINEAR_MOD.inp interactive
2025-07-13 22:30:56,854 - INFO - Extracted TSAIW: 0.8409, Mass: 0.0419
2025-07-13 22:30:56,957 - INFO - Running Abaqus job: abaqus job=ISIGHT_STATIC_LINEAR input=ISIGHT_STATIC_LINEAR_MOD.inp interactive
2025-07-13 22:31:47,506 - INFO - Extracted TSAIW: 0.8364, Mass: 0.0441
2025-07-13 22:31:47,605 - INFO - Running Abaqus job: abaqus job=ISIGHT_STATIC_LINEAR input=ISIGHT_STATIC_LINEAR_MOD.inp interactive
2025-07-13 22:32:37,671 - INFO - Extracted TSAIW: 0.8070, Mass: 0.0415
2025-07-13 22:32:37,766 - INFO - Running Abaqus job: abaqus job=ISIGHT_STATIC_LINEAR input=ISIGHT_STATIC_LINEAR_MOD.inp interactive
2025-07-13 22:33:28,049 - INFO - Extracted TSAIW: 0.8116, Mass: 0.0418
2025-07-13 22:33:28,145 - INFO - Running Abaqus job: abaqus job=ISIGHT_STATIC_LINEAR input=ISIGHT_STATIC_LINEAR_MOD.inp interactive
2025-07-13 23:39:42,184 - INFO - Extracted TSAIW: 0.8506, Mass: 0.0405
2025-07-13 23:39:42,279 - INFO - Running Abaqus job: abaqus job=ISIGHT_STATIC_LINEAR input=ISIGHT_STATIC_LINEAR_MOD.inp interactive
2025-07-13 23:40:33,201 - INFO - Extracted TSAIW: 0.8612, Mass: 0.0393
2025-07-13 23:40:33,298 - INFO - Running Abaqus job: abaqus job=ISIGHT_STATIC_LINEAR input=ISIGHT_STATIC_LINEAR_MOD.inp interactive
2025-07-13 23:41:23,561 - INFO - Extracted TSAIW: 0.8040, Mass: 0.0449
2025-07-13 23:41:23,660 - INFO - Running Abaqus job: abaqus job=ISIGHT_STATIC_LINEAR input=ISIGHT_STATIC_LINEAR_MOD.inp interactive
2025-07-13 23:42:14,234 - INFO - Extracted TSAIW: 0.8384, Mass: 0.0405
2025-07-13 23:42:14,335 - INFO - Running Abaqus job: abaqus job=ISIGHT_STATIC_LINEAR input=ISIGHT_STATIC_LINEAR_MOD.inp interactive
2025-07-13 23:43:04,910 - INFO - Extracted TSAIW: 0.8008, Mass: 0.0446
2025-07-13 23:43:05,036 - INFO - Running Abaqus job: abaqus job=ISIGHT_STATIC_LINEAR input=ISIGHT_STATIC_LINEAR_MOD.inp interactive
2025-07-13 23:43:55,082 - INFO - Extracted TSAIW: 0.7884, Mass: 0.0451
2025-07-13 23:43:55,118 - INFO - New best fitness: 0.7929
2025-07-13 23:43:55,180 - INFO - Running Abaqus job: abaqus job=ISIGHT_STATIC_LINEAR input=ISIGHT_STATIC_LINEAR_MOD.inp interactive
2025-07-13 23:44:45,766 - INFO - Extracted TSAIW: 0.7939, Mass: 0.0453
2025-07-13 23:44:45,862 - INFO - Running Abaqus job: abaqus job=ISIGHT_STATIC_LINEAR input=ISIGHT_STATIC_LINEAR_MOD.inp interactive
2025-07-13 23:45:36,263 - INFO - Extracted TSAIW: 0.7918, Mass: 0.0445
2025-07-13 23:45:36,361 - INFO - Running Abaqus job: abaqus job=ISIGHT_STATIC_LINEAR input=ISIGHT_STATIC_LINEAR_MOD.inp interactive
2025-07-13 23:46:26,822 - INFO - Extracted TSAIW: 0.8133, Mass: 0.0440
2025-07-13 23:46:27,013 - INFO - Running Abaqus job: abaqus job=ISIGHT_STATIC_LINEAR input=ISIGHT_STATIC_LINEAR_MOD.inp interactive
2025-07-13 23:47:17,197 - INFO - Extracted TSAIW: 0.8123, Mass: 0.0451
2025-07-13 23:47:17,296 - INFO - Running Abaqus job: abaqus job=ISIGHT_STATIC_LINEAR input=ISIGHT_STATIC_LINEAR_MOD.inp interactive
2025-07-13 23:48:11,707 - INFO - Extracted TSAIW: 0.8040, Mass: 0.0457
2025-07-13 23:48:11,825 - INFO - Running Abaqus job: abaqus job=ISIGHT_STATIC_LINEAR input=ISIGHT_STATIC_LINEAR_MOD.inp interactive
2025-07-13 23:49:01,914 - INFO - Extracted TSAIW: 0.8264, Mass: 0.0406
2025-07-13 23:49:02,026 - INFO - Running Abaqus job: abaqus job=ISIGHT_STATIC_LINEAR input=ISIGHT_STATIC_LINEAR_MOD.inp interactive
2025-07-13 23:49:52,467 - INFO - Extracted TSAIW: 0.8640, Mass: 0.0404
2025-07-13 23:49:52,588 - INFO - Running Abaqus job: abaqus job=ISIGHT_STATIC_LINEAR input=ISIGHT_STATIC_LINEAR_MOD.inp interactive
2025-07-13 23:50:42,954 - INFO - Extracted TSAIW: 0.8731, Mass: 0.0460
2025-07-13 23:50:43,065 - INFO - Running Abaqus job: abaqus job=ISIGHT_STATIC_LINEAR input=ISIGHT_STATIC_LINEAR_MOD.inp interactive
2025-07-13 23:51:33,361 - INFO - Extracted TSAIW: 0.8368, Mass: 0.0436
2025-07-13 23:51:33,471 - INFO - Running Abaqus job: abaqus job=ISIGHT_STATIC_LINEAR input=ISIGHT_STATIC_LINEAR_MOD.inp interactive
2025-07-13 23:52:25,631 - INFO - Extracted TSAIW: 0.8416, Mass: 0.0400
2025-07-13 23:52:25,746 - INFO - Running Abaqus job: abaqus job=ISIGHT_STATIC_LINEAR input=ISIGHT_STATIC_LINEAR_MOD.inp interactive
2025-07-13 23:53:16,262 - INFO - Extracted TSAIW: 0.8126, Mass: 0.0450
2025-07-13 23:53:16,372 - INFO - Running Abaqus job: abaqus job=ISIGHT_STATIC_LINEAR input=ISIGHT_STATIC_LINEAR_MOD.inp interactive
2025-07-13 23:54:06,954 - INFO - Extracted TSAIW: 0.8060, Mass: 0.0443
2025-07-13 23:54:07,068 - INFO - Running Abaqus job: abaqus job=ISIGHT_STATIC_LINEAR input=ISIGHT_STATIC_LINEAR_MOD.inp interactive
2025-07-13 23:54:57,622 - INFO - Extracted TSAIW: 0.7813, Mass: 0.0441
2025-07-13 23:54:57,663 - INFO - New best fitness: 0.7857
2025-07-13 23:54:57,740 - INFO - Running Abaqus job: abaqus job=ISIGHT_STATIC_LINEAR input=ISIGHT_STATIC_LINEAR_MOD.inp interactive
2025-07-13 23:55:48,017 - INFO - Extracted TSAIW: 0.8047, Mass: 0.0442
2025-07-13 23:55:48,131 - INFO - Running Abaqus job: abaqus job=ISIGHT_STATIC_LINEAR input=ISIGHT_STATIC_LINEAR_MOD.inp interactive
2025-07-13 23:56:38,417 - INFO - Extracted TSAIW: 0.7915, Mass: 0.0461
2025-07-13 23:56:38,532 - INFO - Running Abaqus job: abaqus job=ISIGHT_STATIC_LINEAR input=ISIGHT_STATIC_LINEAR_MOD.inp interactive
2025-07-13 23:57:28,813 - INFO - Extracted TSAIW: 0.8274, Mass: 0.0440
2025-07-13 23:57:28,930 - INFO - Running Abaqus job: abaqus job=ISIGHT_STATIC_LINEAR input=ISIGHT_STATIC_LINEAR_MOD.inp interactive
2025-07-13 23:58:19,450 - INFO - Extracted TSAIW: 0.8128, Mass: 0.0453
2025-07-13 23:58:19,558 - INFO - Running Abaqus job: abaqus job=ISIGHT_STATIC_LINEAR input=ISIGHT_STATIC_LINEAR_MOD.inp interactive
2025-07-13 23:59:09,901 - INFO - Extracted TSAIW: 0.8263, Mass: 0.0422
2025-07-13 23:59:10,006 - INFO - Running Abaqus job: abaqus job=ISIGHT_STATIC_LINEAR input=ISIGHT_STATIC_LINEAR_MOD.inp interactive
2025-07-14 00:00:00,529 - INFO - Extracted TSAIW: 0.8052, Mass: 0.0464
2025-07-14 00:00:00,641 - INFO - Running Abaqus job: abaqus job=ISIGHT_STATIC_LINEAR input=ISIGHT_STATIC_LINEAR_MOD.inp interactive
2025-07-14 00:00:50,964 - INFO - Extracted TSAIW: 0.8830, Mass: 0.0432
2025-07-14 00:00:51,081 - INFO - Running Abaqus job: abaqus job=ISIGHT_STATIC_LINEAR input=ISIGHT_STATIC_LINEAR_MOD.inp interactive
2025-07-14 00:01:43,316 - INFO - Extracted TSAIW: 0.8553, Mass: 0.0451
2025-07-14 00:01:43,424 - INFO - Running Abaqus job: abaqus job=ISIGHT_STATIC_LINEAR input=ISIGHT_STATIC_LINEAR_MOD.inp interactive
2025-07-14 00:02:33,585 - INFO - Extracted TSAIW: 0.8007, Mass: 0.0422
2025-07-14 00:02:33,700 - INFO - Running Abaqus job: abaqus job=ISIGHT_STATIC_LINEAR input=ISIGHT_STATIC_LINEAR_MOD.inp interactive
2025-07-14 00:03:26,290 - INFO - Extracted TSAIW: 0.7958, Mass: 0.0440
2025-07-14 00:03:26,394 - INFO - Running Abaqus job: abaqus job=ISIGHT_STATIC_LINEAR input=ISIGHT_STATIC_LINEAR_MOD.inp interactive
2025-07-14 00:04:16,845 - INFO - Extracted TSAIW: 0.7797, Mass: 0.0470
2025-07-14 00:04:16,884 - INFO - New best fitness: 0.7844
2025-07-14 00:04:16,943 - INFO - Running Abaqus job: abaqus job=ISIGHT_STATIC_LINEAR input=ISIGHT_STATIC_LINEAR_MOD.inp interactive
2025-07-14 00:05:07,493 - INFO - Extracted TSAIW: 0.8343, Mass: 0.0437
2025-07-14 00:05:07,595 - INFO - Running Abaqus job: abaqus job=ISIGHT_STATIC_LINEAR input=ISIGHT_STATIC_LINEAR_MOD.inp interactive
2025-07-14 00:05:57,943 - INFO - Extracted TSAIW: 0.8102, Mass: 0.0458
2025-07-14 00:05:58,036 - INFO - Running Abaqus job: abaqus job=ISIGHT_STATIC_LINEAR input=ISIGHT_STATIC_LINEAR_MOD.inp interactive
2025-07-14 00:06:48,543 - INFO - Extracted TSAIW: 0.8001, Mass: 0.0449
2025-07-14 00:06:48,638 - INFO - Running Abaqus job: abaqus job=ISIGHT_STATIC_LINEAR input=ISIGHT_STATIC_LINEAR_MOD.inp interactive
2025-07-14 00:07:38,997 - INFO - Extracted TSAIW: 0.7852, Mass: 0.0482
2025-07-14 00:07:39,095 - INFO - Running Abaqus job: abaqus job=ISIGHT_STATIC_LINEAR input=ISIGHT_STATIC_LINEAR_MOD.inp interactive
2025-07-14 00:08:29,484 - INFO - Extracted TSAIW: 0.7909, Mass: 0.0428
2025-07-14 00:08:29,585 - INFO - Running Abaqus job: abaqus job=ISIGHT_STATIC_LINEAR input=ISIGHT_STATIC_LINEAR_MOD.inp interactive
2025-07-14 00:09:19,993 - INFO - Extracted TSAIW: 0.7873, Mass: 0.0453
2025-07-14 00:09:20,091 - INFO - Running Abaqus job: abaqus job=ISIGHT_STATIC_LINEAR input=ISIGHT_STATIC_LINEAR_MOD.inp interactive
2025-07-14 00:10:10,509 - INFO - Extracted TSAIW: 0.8139, Mass: 0.0442
2025-07-14 00:10:10,605 - INFO - Running Abaqus job: abaqus job=ISIGHT_STATIC_LINEAR input=ISIGHT_STATIC_LINEAR_MOD.inp interactive
2025-07-14 00:11:00,986 - INFO - Extracted TSAIW: 0.7807, Mass: 0.0442
2025-07-14 00:11:01,086 - INFO - Running Abaqus job: abaqus job=ISIGHT_STATIC_LINEAR input=ISIGHT_STATIC_LINEAR_MOD.inp interactive
2025-07-14 00:11:53,154 - INFO - Extracted TSAIW: 0.8390, Mass: 0.0458
2025-07-14 00:11:53,255 - INFO - Running Abaqus job: abaqus job=ISIGHT_STATIC_LINEAR input=ISIGHT_STATIC_LINEAR_MOD.inp interactive
2025-07-14 00:12:43,674 - INFO - Extracted TSAIW: 0.8651, Mass: 0.0440
2025-07-14 00:12:43,776 - INFO - Running Abaqus job: abaqus job=ISIGHT_STATIC_LINEAR input=ISIGHT_STATIC_LINEAR_MOD.inp interactive
2025-07-14 00:13:34,134 - INFO - Extracted TSAIW: 0.8023, Mass: 0.0457
2025-07-14 00:13:34,233 - INFO - Running Abaqus job: abaqus job=ISIGHT_STATIC_LINEAR input=ISIGHT_STATIC_LINEAR_MOD.inp interactive
2025-07-14 00:14:24,579 - INFO - Extracted TSAIW: 0.7898, Mass: 0.0443
2025-07-14 00:14:24,680 - INFO - Running Abaqus job: abaqus job=ISIGHT_STATIC_LINEAR input=ISIGHT_STATIC_LINEAR_MOD.inp interactive
2025-07-14 00:15:15,043 - INFO - Extracted TSAIW: 0.7956, Mass: 0.0459
2025-07-14 00:15:15,220 - INFO - Running Abaqus job: abaqus job=ISIGHT_STATIC_LINEAR input=ISIGHT_STATIC_LINEAR_MOD.inp interactive
2025-07-14 00:16:05,671 - INFO - Extracted TSAIW: 0.8119, Mass: 0.0441
2025-07-14 00:16:05,769 - INFO - Running Abaqus job: abaqus job=ISIGHT_STATIC_LINEAR input=ISIGHT_STATIC_LINEAR_MOD.inp interactive
2025-07-14 00:16:56,065 - INFO - Extracted TSAIW: 0.8124, Mass: 0.0405
2025-07-14 00:16:56,163 - INFO - Running Abaqus job: abaqus job=ISIGHT_STATIC_LINEAR input=ISIGHT_STATIC_LINEAR_MOD.inp interactive
2025-07-14 00:17:48,779 - INFO - Extracted TSAIW: 0.7851, Mass: 0.0450
2025-07-14 00:17:48,878 - INFO - Running Abaqus job: abaqus job=ISIGHT_STATIC_LINEAR input=ISIGHT_STATIC_LINEAR_MOD.inp interactive
2025-07-14 00:18:01,615 - ERROR - Failed to extract results from ODB: No frames found in the last step.
